z:\proj\dll\x64\debug\vc143.pdb
z:\proj\dll\x64\debug\vc143.idb
z:\proj\dll\x64\debug\settingsmenu.obj
z:\proj\dll\x64\debug\player.obj
z:\proj\dll\x64\debug\menu.obj
z:\proj\dll\x64\debug\game.obj
z:\proj\dll\x64\debug\enemy.obj
z:\proj\dll\x64\debug\bullet.obj
z:\proj\gra\x64\debug\dll.dll
z:\proj\gra\x64\debug\dll.pdb
z:\proj\gra\x64\debug\dll.lib
z:\proj\gra\x64\debug\dll.exp
z:\proj\dll\x64\debug\dll.ilk
z:\proj\dll\x64\debug\dll.tlog\cl.command.1.tlog
z:\proj\dll\x64\debug\dll.tlog\cl.items.tlog
z:\proj\dll\x64\debug\dll.tlog\cl.read.1.tlog
z:\proj\dll\x64\debug\dll.tlog\cl.write.1.tlog
z:\proj\dll\x64\debug\dll.tlog\link.command.1.tlog
z:\proj\dll\x64\debug\dll.tlog\link.read.1.tlog
z:\proj\dll\x64\debug\dll.tlog\link.secondary.1.tlog
z:\proj\dll\x64\debug\dll.tlog\link.write.1.tlog
